# JRE version: OpenJDK Runtime Environment Temurin-21.0.10+7 (21.0.10+7) (build 21.0.10+7-LTS)
# Java VM: OpenJDK 64-Bit Server VM Temurin-21.0.10+7 (21.0.10+7-LTS, mixed mode, sharing, tiered, compressed oops, compressed class ptrs, parallel gc, windows-amd64)
GC Precious Log:
 CardTable entry size: 512
 CPUs: 12 total, 12 available
 Memory: 16106M
 Large Page Support: Disabled
 NUMA Support: Disabled
 Compressed Oops: Enabled (32-bit)
 Alignments: Space 512K, Generation 512K, Heap 2M
 Heap Min Capacity: 100M
 Heap Initial Capacity: 100M
 Heap Max Capacity: 2G
 Pre-touch: Disabled
 Parallel Workers: 10
Heap:
 PSYoungGen      total 1536K, used 512K [0x00000000d5580000, 0x00000000d5800000, 0x0000000100000000)
  eden space 1024K, 0% used [0x00000000d5580000,0x00000000d5580000,0x00000000d5680000)
  from space 512K, 100% used [0x00000000d5700000,0x00000000d5780000,0x00000000d5780000)
  to   space 512K, 0% used [0x00000000d5780000,0x00000000d5780000,0x00000000d5800000)
 ParOldGen       total 1090560K, used 938923K [0x0000000080000000, 0x00000000c2900000, 0x00000000d5580000)
  object space 1090560K, 86% used [0x0000000080000000,0x00000000b94eace8,0x00000000c2900000)
 Metaspace       used 89072K, committed 90816K, reserved 1179648K
  class space    used 8916K, committed 9664K, reserved 1048576K
GC Heap History (20 events):
Event: 6002.421 GC heap after
{Heap after GC invocations=3772 (full 5):
 PSYoungGen      total 1536K, used 384K [0x00000000d5580000, 0x00000000d5800000, 0x0000000100000000)
  eden space 1024K, 0% used [0x00000000d5580000,0x00000000d5580000,0x00000000d5680000)
  from space 512K, 75% used [0x00000000d5700000,0x00000000d5760000,0x00000000d5780000)
  to   space 512K, 0% used [0x00000000d5780000,0x00000000d5780000,0x00000000d5800000)
 ParOldGen       total 1090560K, used 937728K [0x0000000080000000, 0x00000000c2900000, 0x00000000d5580000)
  object space 1090560K, 85% used [0x0000000080000000,0x00000000b93c00b8,0x00000000c2900000)
 Metaspace       used 89058K, committed 90816K, reserved 1179648K
  class space    used 8916K, committed 9664K, reserved 1048576K
}
Event: 6002.440 GC heap before
{Heap before GC invocations=3773 (full 5):
 PSYoungGen      total 1536K, used 1408K [0x00000000d5580000, 0x00000000d5800000, 0x0000000100000000)
  eden space 1024K, 100% used [0x00000000d5580000,0x00000000d5680000,0x00000000d5680000)
  from space 512K, 75% used [0x00000000d5700000,0x00000000d5760000,0x00000000d5780000)
  to   space 512K, 0% used [0x00000000d5780000,0x00000000d5780000,0x00000000d5800000)
 ParOldGen       total 1090560K, used 937728K [0x0000000080000000, 0x00000000c2900000, 0x00000000d5580000)
  object space 1090560K, 85% used [0x0000000080000000,0x00000000b93c00b8,0x00000000c2900000)
 Metaspace       used 89058K, committed 90816K, reserved 1179648K
  class space    used 8916K, committed 9664K, reserved 1048576K
}
Event: 6002.442 GC heap after
{Heap after GC invocations=3773 (full 5):
 PSYoungGen      total 1536K, used 320K [0x00000000d5580000, 0x00000000d5800000, 0x0000000100000000)
  eden space 1024K, 0% used [0x00000000d5580000,0x00000000d5580000,0x00000000d5680000)
  from space 512K, 62% used [0x00000000d5780000,0x00000000d57d0000,0x00000000d5800000)
  to   space 512K, 0% used [0x00000000d5700000,0x00000000d5700000,0x00000000d5780000)
 ParOldGen       total 1090560K, used 937808K [0x0000000080000000, 0x00000000c2900000, 0x00000000d5580000)
  object space 1090560K, 85% used [0x0000000080000000,0x00000000b93d4298,0x00000000c2900000)
 Metaspace       used 89058K, committed 90816K, reserved 1179648K
  class space    used 8916K, committed 9664K, reserved 1048576K
}
Event: 6002.460 GC heap before
{Heap before GC invocations=3774 (full 5):
 PSYoungGen      total 1536K, used 1344K [0x00000000d5580000, 0x00000000d5800000, 0x0000000100000000)
  eden space 1024K, 100% used [0x00000000d5580000,0x00000000d5680000,0x00000000d5680000)
  from space 512K, 62% used [0x00000000d5780000,0x00000000d57d0000,0x00000000d5800000)
  to   space 512K, 0% used [0x00000000d5700000,0x00000000d5700000,0x00000000d5780000)
 ParOldGen       total 1090560K, used 937808K [0x0000000080000000, 0x00000000c2900000, 0x00000000d5580000)
  object space 1090560K, 85% used [0x0000000080000000,0x00000000b93d4298,0x00000000c2900000)
 Metaspace       used 89058K, committed 90816K, reserved 1179648K
  class space    used 8916K, committed 9664K, reserved 1048576K
}
Event: 6002.463 GC heap after
{Heap after GC invocations=3774 (full 5):
 PSYoungGen      total 1536K, used 352K [0x00000000d5580000, 0x00000000d5800000, 0x0000000100000000)
  eden space 1024K, 0% used [0x00000000d5580000,0x00000000d5580000,0x00000000d5680000)
  from space 512K, 68% used [0x00000000d5700000,0x00000000d5758000,0x00000000d5780000)
  to   space 512K, 0% used [0x00000000d5780000,0x00000000d5780000,0x00000000d5800000)
 ParOldGen       total 1090560K, used 937912K [0x0000000080000000, 0x00000000c2900000, 0x00000000d5580000)
  object space 1090560K, 86% used [0x0000000080000000,0x00000000b93ee298,0x00000000c2900000)
 Metaspace       used 89058K, committed 90816K, reserved 1179648K
  class space    used 8916K, committed 9664K, reserved 1048576K
}
Event: 6002.478 GC heap before
{Heap before GC invocations=3775 (full 5):
 PSYoungGen      total 1536K, used 1376K [0x00000000d5580000, 0x00000000d5800000, 0x0000000100000000)
  eden space 1024K, 100% used [0x00000000d5580000,0x00000000d5680000,0x00000000d5680000)
  from space 512K, 68% used [0x00000000d5700000,0x00000000d5758000,0x00000000d5780000)
  to   space 512K, 0% used [0x00000000d5780000,0x00000000d5780000,0x00000000d5800000)
 ParOldGen       total 1090560K, used 937912K [0x0000000080000000, 0x00000000c2900000, 0x00000000d5580000)
  object space 1090560K, 86% used [0x0000000080000000,0x00000000b93ee298,0x00000000c2900000)
 Metaspace       used 89058K, committed 90816K, reserved 1179648K
  class space    used 8916K, committed 9664K, reserved 1048576K
}
Event: 6002.480 GC heap after
{Heap after GC invocations=3775 (full 5):
 PSYoungGen      total 1536K, used 384K [0x00000000d5580000, 0x00000000d5800000, 0x0000000100000000)
  eden space 1024K, 0% used [0x00000000d5580000,0x00000000d5580000,0x00000000d5680000)
  from space 512K, 75% used [0x00000000d5780000,0x00000000d57e0000,0x00000000d5800000)
  to   space 512K, 0% used [0x00000000d5700000,0x00000000d5700000,0x00000000d5780000)
 ParOldGen       total 1090560K, used 938080K [0x0000000080000000, 0x00000000c2900000, 0x00000000d5580000)
  object space 1090560K, 86% used [0x0000000080000000,0x00000000b9418298,0x00000000c2900000)
 Metaspace       used 89058K, committed 90816K, reserved 1179648K
  class space    used 8916K, committed 9664K, reserved 1048576K
}
Event: 6002.498 GC heap before
{Heap before GC invocations=3776 (full 5):
 PSYoungGen      total 1536K, used 1408K [0x00000000d5580000, 0x00000000d5800000, 0x0000000100000000)
  eden space 1024K, 100% used [0x00000000d5580000,0x00000000d5680000,0x00000000d5680000)
  from space 512K, 75% used [0x00000000d5780000,0x00000000d57e0000,0x00000000d5800000)
  to   space 512K, 0% used [0x00000000d5700000,0x00000000d5700000,0x00000000d5780000)
 ParOldGen       total 1090560K, used 938080K [0x0000000080000000, 0x00000000c2900000, 0x00000000d5580000)
  object space 1090560K, 86% used [0x0000000080000000,0x00000000b9418298,0x00000000c2900000)
 Metaspace       used 89063K, committed 90816K, reserved 1179648K
  class space    used 8916K, committed 9664K, reserved 1048576K
}
Event: 6002.501 GC heap after
{Heap after GC invocations=3776 (full 5):
 PSYoungGen      total 1536K, used 384K [0x00000000d5580000, 0x00000000d5800000, 0x0000000100000000)
  eden space 1024K, 0% used [0x00000000d5580000,0x00000000d5580000,0x00000000d5680000)
  from space 512K, 75% used [0x00000000d5700000,0x00000000d5760000,0x00000000d5780000)
  to   space 512K, 0% used [0x00000000d5780000,0x00000000d5780000,0x00000000d5800000)
 ParOldGen       total 1090560K, used 938256K [0x0000000080000000, 0x00000000c2900000, 0x00000000d5580000)
  object space 1090560K, 86% used [0x0000000080000000,0x00000000b9444298,0x00000000c2900000)
 Metaspace       used 89063K, committed 90816K, reserved 1179648K
  class space    used 8916K, committed 9664K, reserved 1048576K
}
Event: 6002.520 GC heap before
{Heap before GC invocations=3777 (full 5):
 PSYoungGen      total 1536K, used 1408K [0x00000000d5580000, 0x00000000d5800000, 0x0000000100000000)
  eden space 1024K, 100% used [0x00000000d5580000,0x00000000d5680000,0x00000000d5680000)
  from space 512K, 75% used [0x00000000d5700000,0x00000000d5760000,0x00000000d5780000)
  to   space 512K, 0% used [0x00000000d5780000,0x00000000d5780000,0x00000000d5800000)
 ParOldGen       total 1090560K, used 938256K [0x0000000080000000, 0x00000000c2900000, 0x00000000d5580000)
  object space 1090560K, 86% used [0x0000000080000000,0x00000000b9444298,0x00000000c2900000)
 Metaspace       used 89064K, committed 90816K, reserved 1179648K
  class space    used 8916K, committed 9664K, reserved 1048576K
}
Event: 6002.523 GC heap after
{Heap after GC invocations=3777 (full 5):
 PSYoungGen      total 1536K, used 320K [0x00000000d5580000, 0x00000000d5800000, 0x0000000100000000)
  eden space 1024K, 0% used [0x00000000d5580000,0x00000000d5580000,0x00000000d5680000)
  from space 512K, 62% used [0x00000000d5780000,0x00000000d57d0000,0x00000000d5800000)
  to   space 512K, 0% used [0x00000000d5700000,0x00000000d5700000,0x00000000d5780000)
 ParOldGen       total 1090560K, used 938460K [0x0000000080000000, 0x00000000c2900000, 0x00000000d5580000)
  object space 1090560K, 86% used [0x0000000080000000,0x00000000b94772a8,0x00000000c2900000)
 Metaspace       used 89064K, committed 90816K, reserved 1179648K
  class space    used 8916K, committed 9664K, reserved 1048576K
}
Event: 6002.540 GC heap before
{Heap before GC invocations=3778 (full 5):
 PSYoungGen      total 1536K, used 1344K [0x00000000d5580000, 0x00000000d5800000, 0x0000000100000000)
  eden space 1024K, 100% used [0x00000000d5580000,0x00000000d5680000,0x00000000d5680000)
  from space 512K, 62% used [0x00000000d5780000,0x00000000d57d0000,0x00000000d5800000)
  to   space 512K, 0% used [0x00000000d5700000,0x00000000d5700000,0x00000000d5780000)
 ParOldGen       total 1090560K, used 938460K [0x0000000080000000, 0x00000000c2900000, 0x00000000d5580000)
  object space 1090560K, 86% used [0x0000000080000000,0x00000000b94772a8,0x00000000c2900000)
 Metaspace       used 89065K, committed 90816K, reserved 1179648K
  class space    used 8916K, committed 9664K, reserved 1048576K
}
Event: 6002.544 GC heap after
{Heap after GC invocations=3778 (full 5):
 PSYoungGen      total 1536K, used 288K [0x00000000d5580000, 0x00000000d5800000, 0x0000000100000000)
  eden space 1024K, 0% used [0x00000000d5580000,0x00000000d5580000,0x00000000d5680000)
  from space 512K, 56% used [0x00000000d5700000,0x00000000d5748000,0x00000000d5780000)
  to   space 512K, 0% used [0x00000000d5780000,0x00000000d5780000,0x00000000d5800000)
 ParOldGen       total 1090560K, used 938580K [0x0000000080000000, 0x00000000c2900000, 0x00000000d5580000)
  object space 1090560K, 86% used [0x0000000080000000,0x00000000b94952a8,0x00000000c2900000)
 Metaspace       used 89065K, committed 90816K, reserved 1179648K
  class space    used 8916K, committed 9664K, reserved 1048576K
}
Event: 6002.564 GC heap before
{Heap before GC invocations=3779 (full 5):
 PSYoungGen      total 1536K, used 1312K [0x00000000d5580000, 0x00000000d5800000, 0x0000000100000000)
  eden space 1024K, 100% used [0x00000000d5580000,0x00000000d5680000,0x00000000d5680000)
  from space 512K, 56% used [0x00000000d5700000,0x00000000d5748000,0x00000000d5780000)
  to   space 512K, 0% used [0x00000000d5780000,0x00000000d5780000,0x00000000d5800000)
 ParOldGen       total 1090560K, used 938580K [0x0000000080000000, 0x00000000c2900000, 0x00000000d5580000)
  object space 1090560K, 86% used [0x0000000080000000,0x00000000b94952a8,0x00000000c2900000)
 Metaspace       used 89066K, committed 90816K, reserved 1179648K
  class space    used 8916K, committed 9664K, reserved 1048576K
}
Event: 6002.567 GC heap after
{Heap after GC invocations=3779 (full 5):
 PSYoungGen      total 1536K, used 288K [0x00000000d5580000, 0x00000000d5800000, 0x0000000100000000)
  eden space 1024K, 0% used [0x00000000d5580000,0x00000000d5580000,0x00000000d5680000)
  from space 512K, 56% used [0x00000000d5780000,0x00000000d57c8000,0x00000000d5800000)
  to   space 512K, 0% used [0x00000000d5700000,0x00000000d5700000,0x00000000d5780000)
 ParOldGen       total 1090560K, used 938668K [0x0000000080000000, 0x00000000c2900000, 0x00000000d5580000)
  object space 1090560K, 86% used [0x0000000080000000,0x00000000b94ab2a8,0x00000000c2900000)
 Metaspace       used 89066K, committed 90816K, reserved 1179648K
  class space    used 8916K, committed 9664K, reserved 1048576K
}
Event: 6002.587 GC heap before
{Heap before GC invocations=3780 (full 5):
 PSYoungGen      total 1536K, used 1312K [0x00000000d5580000, 0x00000000d5800000, 0x0000000100000000)
  eden space 1024K, 100% used [0x00000000d5580000,0x00000000d5680000,0x00000000d5680000)
  from space 512K, 56% used [0x00000000d5780000,0x00000000d57c8000,0x00000000d5800000)
  to   space 512K, 0% used [0x00000000d5700000,0x00000000d5700000,0x00000000d5780000)
 ParOldGen       total 1090560K, used 938668K [0x0000000080000000, 0x00000000c2900000, 0x00000000d5580000)
  object space 1090560K, 86% used [0x0000000080000000,0x00000000b94ab2a8,0x00000000c2900000)
 Metaspace       used 89071K, committed 90816K, reserved 1179648K
  class space    used 8916K, committed 9664K, reserved 1048576K
}
Event: 6002.590 GC heap after
{Heap after GC invocations=3780 (full 5):
 PSYoungGen      total 1536K, used 288K [0x00000000d5580000, 0x00000000d5800000, 0x0000000100000000)
  eden space 1024K, 0% used [0x00000000d5580000,0x00000000d5580000,0x00000000d5680000)
  from space 512K, 56% used [0x00000000d5700000,0x00000000d5748000,0x00000000d5780000)
  to   space 512K, 0% used [0x00000000d5780000,0x00000000d5780000,0x00000000d5800000)
 ParOldGen       total 1090560K, used 938732K [0x0000000080000000, 0x00000000c2900000, 0x00000000d5580000)
  object space 1090560K, 86% used [0x0000000080000000,0x00000000b94bb2a8,0x00000000c2900000)
 Metaspace       used 89071K, committed 90816K, reserved 1179648K
  class space    used 8916K, committed 9664K, reserved 1048576K
}
Event: 6002.604 GC heap before
{Heap before GC invocations=3781 (full 5):
 PSYoungGen      total 1536K, used 1312K [0x00000000d5580000, 0x00000000d5800000, 0x0000000100000000)
  eden space 1024K, 100% used [0x00000000d5580000,0x00000000d5680000,0x00000000d5680000)
  from space 512K, 56% used [0x00000000d5700000,0x00000000d5748000,0x00000000d5780000)
  to   space 512K, 0% used [0x00000000d5780000,0x00000000d5780000,0x00000000d5800000)
 ParOldGen       total 1090560K, used 938732K [0x0000000080000000, 0x00000000c2900000, 0x00000000d5580000)
  object space 1090560K, 86% used [0x0000000080000000,0x00000000b94bb2a8,0x00000000c2900000)
 Metaspace       used 89072K, committed 90816K, reserved 1179648K
  class space    used 8916K, committed 9664K, reserved 1048576K
}
Event: 6002.607 GC heap after
{Heap after GC invocations=3781 (full 5):
 PSYoungGen      total 1536K, used 352K [0x00000000d5580000, 0x00000000d5800000, 0x0000000100000000)
  eden space 1024K, 0% used [0x00000000d5580000,0x00000000d5580000,0x00000000d5680000)
  from space 512K, 68% used [0x00000000d5780000,0x00000000d57d8000,0x00000000d5800000)
  to   space 512K, 0% used [0x00000000d5700000,0x00000000d5700000,0x00000000d5780000)
 ParOldGen       total 1090560K, used 938788K [0x0000000080000000, 0x00000000c2900000, 0x00000000d5580000)
  object space 1090560K, 86% used [0x0000000080000000,0x00000000b94c92a8,0x00000000c2900000)
 Metaspace       used 89072K, committed 90816K, reserved 1179648K
  class space    used 8916K, committed 9664K, reserved 1048576K
}
Event: 6002.625 GC heap before
{Heap before GC invocations=3782 (full 5):
 PSYoungGen      total 1536K, used 1376K [0x00000000d5580000, 0x00000000d5800000, 0x0000000100000000)
  eden space 1024K, 100% used [0x00000000d5580000,0x00000000d5680000,0x00000000d5680000)
  from space 512K, 68% used [0x00000000d5780000,0x00000000d57d8000,0x00000000d5800000)
  to   space 512K, 0% used [0x00000000d5700000,0x00000000d5700000,0x00000000d5780000)
 ParOldGen       total 1090560K, used 938788K [0x0000000080000000, 0x00000000c2900000, 0x00000000d5580000)
  object space 1090560K, 86% used [0x0000000080000000,0x00000000b94c92a8,0x00000000c2900000)
 Metaspace       used 89072K, committed 90816K, reserved 1179648K
  class space    used 8916K, committed 9664K, reserved 1048576K
}

